# JRE version: OpenJDK Runtime Environment (8.0_202-b03) (build 1.8.0_202-release-1483-b03)
# Java VM: OpenJDK 64-Bit Server VM (25.202-b03 mixed mode windows-amd64 compressed oops)
Heap:
 PSYoungGen      total 371200K, used 204728K [0x00000000e0000000, 0x00000000fac00000, 0x0000000100000000)
  eden space 347648K, 57% used [0x00000000e0000000,0x00000000ec448240,0x00000000f5380000)
  from space 23552K, 15% used [0x00000000f5380000,0x00000000f5725e68,0x00000000f6a80000)
  to   space 23040K, 0% used [0x00000000f9580000,0x00000000f9580000,0x00000000fac00000)
 ParOldGen       total 132608K, used 99455K [0x00000000a0000000, 0x00000000a8180000, 0x00000000e0000000)
  object space 132608K, 74% used [0x00000000a0000000,0x00000000a611fc70,0x00000000a8180000)
 Metaspace       used 102830K, capacity 108416K, committed 108608K, reserved 1144832K
  class space    used 13097K, capacity 14104K, committed 14208K, reserved 1048576K
GC Heap History (10 events):
Event: 2205.294 GC heap before
{Heap before GC invocations=43 (full 4):
 PSYoungGen      total 288768K, used 263872K [0x00000000e0000000, 0x00000000f3580000, 0x0000000100000000)
  eden space 260608K, 100% used [0x00000000e0000000,0x00000000efe80000,0x00000000efe80000)
  from space 28160K, 11% used [0x00000000f1a00000,0x00000000f1d30010,0x00000000f3580000)
  to   space 28160K, 0% used [0x00000000efe80000,0x00000000efe80000,0x00000000f1a00000)
 ParOldGen       total 132608K, used 75784K [0x00000000a0000000, 0x00000000a8180000, 0x00000000e0000000)
  object space 132608K, 57% used [0x00000000a0000000,0x00000000a4a022f8,0x00000000a8180000)
 Metaspace       used 96643K, capacity 101440K, committed 101824K, reserved 1138688K
  class space    used 12330K, capacity 13195K, committed 13312K, reserved 1048576K
Event: 2205.333 GC heap after
Heap after GC invocations=43 (full 4):
 PSYoungGen      total 288768K, used 10707K [0x00000000e0000000, 0x00000000f5d00000, 0x0000000100000000)
  eden space 260608K, 0% used [0x00000000e0000000,0x00000000e0000000,0x00000000efe80000)
  from space 28160K, 38% used [0x00000000efe80000,0x00000000f08f4c30,0x00000000f1a00000)
  to   space 26112K, 0% used [0x00000000f4380000,0x00000000f4380000,0x00000000f5d00000)
 ParOldGen       total 132608K, used 77665K [0x00000000a0000000, 0x00000000a8180000, 0x00000000e0000000)
  object space 132608K, 58% used [0x00000000a0000000,0x00000000a4bd8538,0x00000000a8180000)
 Metaspace       used 96643K, capacity 101440K, committed 101824K, reserved 1138688K
  class space    used 12330K, capacity 13195K, committed 13312K, reserved 1048576K
}
Event: 2206.703 GC heap before
{Heap before GC invocations=44 (full 4):
 PSYoungGen      total 288768K, used 271315K [0x00000000e0000000, 0x00000000f5d00000, 0x0000000100000000)
  eden space 260608K, 100% used [0x00000000e0000000,0x00000000efe80000,0x00000000efe80000)
  from space 28160K, 38% used [0x00000000efe80000,0x00000000f08f4c30,0x00000000f1a00000)
  to   space 26112K, 0% used [0x00000000f4380000,0x00000000f4380000,0x00000000f5d00000)
 ParOldGen       total 132608K, used 77665K [0x00000000a0000000, 0x00000000a8180000, 0x00000000e0000000)
  object space 132608K, 58% used [0x00000000a0000000,0x00000000a4bd8538,0x00000000a8180000)
 Metaspace       used 96647K, capacity 101440K, committed 101824K, reserved 1138688K
  class space    used 12331K, capacity 13195K, committed 13312K, reserved 1048576K
Event: 2206.727 GC heap after
Heap after GC invocations=44 (full 4):
 PSYoungGen      total 330240K, used 3744K [0x00000000e0000000, 0x00000000f5c80000, 0x0000000100000000)
  eden space 304640K, 0% used [0x00000000e0000000,0x00000000e0000000,0x00000000f2980000)
  from space 25600K, 14% used [0x00000000f4380000,0x00000000f4728000,0x00000000f5c80000)
  to   space 26112K, 0% used [0x00000000f2980000,0x00000000f2980000,0x00000000f4300000)
 ParOldGen       total 132608K, used 87334K [0x00000000a0000000, 0x00000000a8180000, 0x00000000e0000000)
  object space 132608K, 65% used [0x00000000a0000000,0x00000000a5549bc0,0x00000000a8180000)
 Metaspace       used 96647K, capacity 101440K, committed 101824K, reserved 1138688K
  class space    used 12331K, capacity 13195K, committed 13312K, reserved 1048576K
}
Event: 2208.864 GC heap before
{Heap before GC invocations=45 (full 4):
 PSYoungGen      total 330240K, used 308384K [0x00000000e0000000, 0x00000000f5c80000, 0x0000000100000000)
  eden space 304640K, 100% used [0x00000000e0000000,0x00000000f2980000,0x00000000f2980000)
  from space 25600K, 14% used [0x00000000f4380000,0x00000000f4728000,0x00000000f5c80000)
  to   space 26112K, 0% used [0x00000000f2980000,0x00000000f2980000,0x00000000f4300000)
 ParOldGen       total 132608K, used 87334K [0x00000000a0000000, 0x00000000a8180000, 0x00000000e0000000)
  object space 132608K, 65% used [0x00000000a0000000,0x00000000a5549bc0,0x00000000a8180000)
 Metaspace       used 96663K, capacity 101444K, committed 101824K, reserved 1138688K
  class space    used 12331K, capacity 13195K, committed 13312K, reserved 1048576K
Event: 2208.919 GC heap after
Heap after GC invocations=45 (full 4):
 PSYoungGen      total 330752K, used 5408K [0x00000000e0000000, 0x00000000f8780000, 0x0000000100000000)
  eden space 304640K, 0% used [0x00000000e0000000,0x00000000e0000000,0x00000000f2980000)
  from space 26112K, 20% used [0x00000000f2980000,0x00000000f2ec8010,0x00000000f4300000)
  to   space 25088K, 0% used [0x00000000f6f00000,0x00000000f6f00000,0x00000000f8780000)
 ParOldGen       total 132608K, used 90478K [0x00000000a0000000, 0x00000000a8180000, 0x00000000e0000000)
  object space 132608K, 68% used [0x00000000a0000000,0x00000000a585bbc0,0x00000000a8180000)
 Metaspace       used 96663K, capacity 101444K, committed 101824K, reserved 1138688K
  class space    used 12331K, capacity 13195K, committed 13312K, reserved 1048576K
}
Event: 2216.830 GC heap before
{Heap before GC invocations=46 (full 4):
 PSYoungGen      total 330752K, used 310048K [0x00000000e0000000, 0x00000000f8780000, 0x0000000100000000)
  eden space 304640K, 100% used [0x00000000e0000000,0x00000000f2980000,0x00000000f2980000)
  from space 26112K, 20% used [0x00000000f2980000,0x00000000f2ec8010,0x00000000f4300000)
  to   space 25088K, 0% used [0x00000000f6f00000,0x00000000f6f00000,0x00000000f8780000)
 ParOldGen       total 132608K, used 90478K [0x00000000a0000000, 0x00000000a8180000, 0x00000000e0000000)
  object space 132608K, 68% used [0x00000000a0000000,0x00000000a585bbc0,0x00000000a8180000)
 Metaspace       used 96885K, capacity 101730K, committed 101952K, reserved 1138688K
  class space    used 12366K, capacity 13254K, committed 13440K, reserved 1048576K
Event: 2216.871 GC heap after
Heap after GC invocations=46 (full 4):
 PSYoungGen      total 366592K, used 8417K [0x00000000e0000000, 0x00000000f8180000, 0x0000000100000000)
  eden space 347648K, 0% used [0x00000000e0000000,0x00000000e0000000,0x00000000f5380000)
  from space 18944K, 44% used [0x00000000f6f00000,0x00000000f7738630,0x00000000f8180000)
  to   space 23552K, 0% used [0x00000000f5380000,0x00000000f5380000,0x00000000f6a80000)
 ParOldGen       total 132608K, used 95066K [0x00000000a0000000, 0x00000000a8180000, 0x00000000e0000000)
  object space 132608K, 71% used [0x00000000a0000000,0x00000000a5cd6be0,0x00000000a8180000)
 Metaspace       used 96885K, capacity 101730K, committed 101952K, reserved 1138688K
  class space    used 12366K, capacity 13254K, committed 13440K, reserved 1048576K
}
Event: 2229.491 GC heap before
{Heap before GC invocations=47 (full 4):
 PSYoungGen      total 366592K, used 356065K [0x00000000e0000000, 0x00000000f8180000, 0x0000000100000000)
  eden space 347648K, 100% used [0x00000000e0000000,0x00000000f5380000,0x00000000f5380000)
  from space 18944K, 44% used [0x00000000f6f00000,0x00000000f7738630,0x00000000f8180000)
  to   space 23552K, 0% used [0x00000000f5380000,0x00000000f5380000,0x00000000f6a80000)
 ParOldGen       total 132608K, used 95066K [0x00000000a0000000, 0x00000000a8180000, 0x00000000e0000000)
  object space 132608K, 71% used [0x00000000a0000000,0x00000000a5cd6be0,0x00000000a8180000)
 Metaspace       used 98515K, capacity 103578K, committed 103872K, reserved 1140736K
  class space    used 12575K, capacity 13504K, committed 13568K, reserved 1048576K
Event: 2229.505 GC heap after
Heap after GC invocations=47 (full 4):
 PSYoungGen      total 371200K, used 3735K [0x00000000e0000000, 0x00000000fac00000, 0x0000000100000000)
  eden space 347648K, 0% used [0x00000000e0000000,0x00000000e0000000,0x00000000f5380000)
  from space 23552K, 15% used [0x00000000f5380000,0x00000000f5725e68,0x00000000f6a80000)
  to   space 23040K, 0% used [0x00000000f9580000,0x00000000f9580000,0x00000000fac00000)
 ParOldGen       total 132608K, used 99455K [0x00000000a0000000, 0x00000000a8180000, 0x00000000e0000000)
  object space 132608K, 74% used [0x00000000a0000000,0x00000000a611fc70,0x00000000a8180000)
 Metaspace       used 98515K, capacity 103578K, committed 103872K, reserved 1140736K
  class space    used 12575K, capacity 13504K, committed 13568K, reserved 1048576K
}

